16:57:07: Creating resource group General
16:57:07: Creating resource group Internal
16:57:07: Creating resource group Autodetect
16:57:07: SceneManagerFactory for type 'DefaultSceneManager' registered.
16:57:07: Registering ResourceManager for type Material
16:57:07: Registering ResourceManager for type Mesh
16:57:07: Registering ResourceManager for type Skeleton
16:57:07: MovableObjectFactory for type 'ParticleSystem' registered.
16:57:07: OverlayElementFactory for type Panel registered.
16:57:07: OverlayElementFactory for type BorderPanel registered.
16:57:07: OverlayElementFactory for type TextArea registered.
16:57:07: Registering ResourceManager for type Font
16:57:07: ArchiveFactory for archive type FileSystem registered.
16:57:07: ArchiveFactory for archive type Zip registered.
16:57:07: ArchiveFactory for archive type EmbeddedZip registered.
16:57:07: DDS codec registering
16:57:07: FreeImage version: 3.16.0
16:57:07: This program uses FreeImage, a free, open source image library supporting all common bitmap formats. See http://freeimage.sourceforge.net for details
16:57:07: Supported formats: bmp,ico,jpg,jif,jpeg,jpe,jng,koa,iff,lbm,mng,pbm,pbm,pcd,pcx,pgm,pgm,png,ppm,ppm,ras,tga,targa,tif,tiff,wap,wbmp,wbm,psd,cut,xbm,xpm,gif,hdr,g3,sgi,rgb,rgba,bw,exr,j2k,j2c,jp2,pfm,pct,pict,pic,3fr,arw,bay,bmq,cap,cine,cr2,crw,cs1,dc2,dcr,drf,dsc,dng,erf,fff,ia,iiq,k25,kc2,kdc,mdc,mef,mos,mrw,nef,nrw,orf,pef,ptx,pxn,qtk,raf,raw,rdc,rw2,rwl,rwz,sr2,srf,srw,sti,webp
16:57:07: Registering ResourceManager for type HighLevelGpuProgram
16:57:07: Registering ResourceManager for type Compositor
16:57:07: MovableObjectFactory for type 'Entity' registered.
16:57:07: MovableObjectFactory for type 'Light' registered.
16:57:07: MovableObjectFactory for type 'BillboardSet' registered.
16:57:07: MovableObjectFactory for type 'ManualObject' registered.
16:57:07: MovableObjectFactory for type 'BillboardChain' registered.
16:57:07: MovableObjectFactory for type 'RibbonTrail' registered.
16:57:07: Loading library .\RenderSystem_GL
16:57:07: Installing plugin: GL RenderSystem
16:57:07: OpenGL Rendering Subsystem created.
16:57:07: Plugin successfully installed
16:57:07: *-*-* OGRE Initialising
16:57:07: *-*-* Version 1.8.2 (Byatis)
16:57:07: Creating resource group General
16:57:07: Creating resource group Internal
16:57:07: Creating resource group Autodetect
16:57:07: SceneManagerFactory for type 'DefaultSceneManager' registered.
16:57:07: Registering ResourceManager for type Material
16:57:07: Registering ResourceManager for type Mesh
16:57:07: Registering ResourceManager for type Skeleton
16:57:07: MovableObjectFactory for type 'ParticleSystem' registered.
16:57:07: OverlayElementFactory for type Panel registered.
16:57:07: OverlayElementFactory for type BorderPanel registered.
16:57:07: OverlayElementFactory for type TextArea registered.
16:57:07: Registering ResourceManager for type Font
16:57:07: ArchiveFactory for archive type FileSystem registered.
16:57:07: ArchiveFactory for archive type Zip registered.
16:57:07: ArchiveFactory for archive type EmbeddedZip registered.
16:57:07: FreeImage version: 3.16.0
16:57:07: This program uses FreeImage, a free, open source image library supporting all common bitmap formats. See http://freeimage.sourceforge.net for details
16:57:07: Supported formats: bmp,ico,jpg,jif,jpeg,jpe,jng,koa,iff,lbm,mng,pbm,pbm,pcd,pcx,pgm,pgm,png,ppm,ppm,ras,tga,targa,tif,tiff,wap,wbmp,wbm,psd,cut,xbm,xpm,gif,hdr,g3,sgi,rgb,rgba,bw,exr,j2k,j2c,jp2,pfm,pct,pict,pic,3fr,arw,bay,bmq,cap,cine,cr2,crw,cs1,dc2,dcr,drf,dsc,dng,erf,fff,ia,iiq,k25,kc2,kdc,mdc,mef,mos,mrw,nef,nrw,orf,pef,ptx,pxn,qtk,raf,raw,rdc,rw2,rwl,rwz,sr2,srf,srw,sti,webp
16:57:07: Registering ResourceManager for type HighLevelGpuProgram
16:57:07: Registering ResourceManager for type Compositor
16:57:07: MovableObjectFactory for type 'Entity' registered.
16:57:07: MovableObjectFactory for type 'Light' registered.
16:57:07: MovableObjectFactory for type 'BillboardSet' registered.
16:57:07: MovableObjectFactory for type 'ManualObject' registered.
16:57:07: MovableObjectFactory for type 'BillboardChain' registered.
16:57:07: MovableObjectFactory for type 'RibbonTrail' registered.
16:57:07: Loading library .\RenderSystem_GL
16:57:07: Installing plugin: GL RenderSystem
16:57:07: OpenGL Rendering Subsystem created.
16:57:08: Plugin successfully installed
16:57:08: *-*-* OGRE Initialising
16:57:08: *-*-* Version 1.8.2 (Byatis)
16:57:08: CPU Identifier & Features
16:57:08: -------------------------
16:57:08:  *   CPU ID: AuthenticAMD: AMD Ryzen 5 PRO 3500U w/ Radeon Vega Mobile Gfx
16:57:08:  *      SSE: yes
16:57:08:  *     SSE2: yes
16:57:08:  *     SSE3: yes
16:57:08:  *      MMX: yes
16:57:08:  *   MMXEXT: yes
16:57:08:  *    3DNOW: no
16:57:08:  * 3DNOWEXT: no
16:57:08:  *     CMOV: yes
16:57:08:  *      TSC: yes
16:57:08:  *      FPU: yes
16:57:08:  *      PRO: yes
16:57:08:  *       HT: no
16:57:08: -------------------------
16:57:08: *** Starting Win32GL Subsystem ***
16:57:08: Registering ResourceManager for type Texture
16:57:08: GLRenderSystem::_createRenderWindow "Integrum VRE", 640x480 windowed  miscParams: FSAA=0 FSAAHint= colourDepth=32 displayFrequency=0 gamma=false vsync=true vsyncInterval=1 
16:57:08: Created Win32Window 'Integrum VRE' : 656x519, 32bpp
16:57:08: GL_VERSION = 4.6.13596 Compatibility Profile Context 20.10.35.02 27.20.1034.6
16:57:08: GL_VENDOR = ATI Technologies Inc.
16:57:08: GL_RENDERER = AMD Radeon(TM) Vega 8 Graphics 
16:57:08: GL_EXTENSIONS = GL_AMDX_debug_output GL_AMD_blend_minmax_factor GL_AMD_conservative_depth GL_AMD_debug_output GL_AMD_depth_clamp_separate GL_AMD_draw_buffers_blend GL_AMD_framebuffer_sample_positions GL_AMD_gcn_shader GL_AMD_gpu_shader_half_float GL_AMD_gpu_shader_half_float_fetch GL_AMD_gpu_shader_int16 GL_AMD_gpu_shader_int64 GL_AMD_interleaved_elements GL_AMD_multi_draw_indirect GL_AMD_name_gen_delete GL_AMD_occlusion_query_event GL_AMD_performance_monitor GL_AMD_pinned_memory GL_AMD_query_buffer_object GL_AMD_sample_positions GL_AMD_seamless_cubemap_per_texture GL_AMD_shader_atomic_counter_ops GL_AMD_shader_stencil_export GL_AMD_shader_stencil_value_export GL_AMD_shader_trace GL_AMD_shader_trinary_minmax GL_AMD_sparse_texture GL_AMD_sparse_texture_pool GL_AMD_stencil_operation_extended GL_AMD_texture_cube_map_array GL_AMD_texture_texture4 GL_AMD_transform_feedback3_lines_triangles GL_AMD_transform_feedback4 GL_AMD_vertex_shader_layer GL_AMD_vertex_shader_viewport_index GL_ARB_ES2_compatibility GL_ARB_ES3_1_compatibility GL_ARB_ES3_compatibility GL_ARB_arrays_of_arrays GL_ARB_base_instance GL_ARB_bindless_texture GL_ARB_blend_func_extended GL_ARB_buffer_storage GL_ARB_clear_buffer_object GL_ARB_clear_texture GL_ARB_clip_control GL_ARB_color_buffer_float GL_ARB_compatibility GL_ARB_compressed_texture_pixel_storage GL_ARB_compute_shader GL_ARB_conditional_render_inverted GL_ARB_conservative_depth GL_ARB_copy_buffer GL_ARB_copy_image GL_ARB_cull_distance GL_ARB_debug_output GL_ARB_depth_buffer_float GL_ARB_depth_clamp GL_ARB_depth_texture GL_ARB_derivative_control GL_ARB_direct_state_access GL_ARB_draw_buffers GL_ARB_draw_buffers_blend GL_ARB_draw_elements_base_vertex GL_ARB_draw_indirect GL_ARB_draw_instanced GL_ARB_enhanced_layouts GL_ARB_explicit_attrib_location GL_ARB_explicit_uniform_location GL_ARB_fragment_coord_conventions GL_ARB_fragment_layer_viewport GL_ARB_fragment_program GL_ARB_fragment_program_shadow GL_ARB_fragment_shader GL_ARB_framebuffer_no_attachments GL_ARB_framebuffer_object GL_ARB_framebuffer_sRGB GL_ARB_geometry_shader4 GL_ARB_get_program_binary GL_ARB_get_texture_sub_image GL_ARB_gl_spirv GL_ARB_gpu_shader5 GL_ARB_gpu_shader_fp64 GL_ARB_half_float_pixel GL_ARB_half_float_vertex GL_ARB_imaging GL_ARB_indirect_parameters GL_ARB_instanced_arrays GL_ARB_internalformat_query GL_ARB_internalformat_query2 GL_ARB_invalidate_subdata GL_ARB_map_buffer_alignment GL_ARB_map_buffer_range GL_ARB_multi_bind GL_ARB_multi_draw_indirect GL_ARB_multisample GL_ARB_multitexture GL_ARB_occlusion_query GL_ARB_occlusion_query2 GL_ARB_parallel_shader_compile GL_ARB_pipeline_statistics_query GL_ARB_pixel_buffer_object GL_ARB_point_parameters GL_ARB_point_sprite GL_ARB_polygon_offset_clamp GL_ARB_program_interface_query GL_ARB_provoking_vertex GL_ARB_query_buffer_object GL_ARB_robust_buffer_access_behavior GL_ARB_sample_shading GL_ARB_sampler_objects GL_ARB_seamless_cube_map GL_ARB_seamless_cubemap_per_texture GL_ARB_separate_shader_objects GL_ARB_shader_atomic_counter_ops GL_ARB_shader_atomic_counters GL_ARB_shader_ballot GL_ARB_shader_bit_encoding GL_ARB_shader_draw_parameters GL_ARB_shader_group_vote GL_ARB_shader_image_load_store GL_ARB_shader_image_size GL_ARB_shader_objects GL_ARB_shader_precision GL_ARB_shader_stencil_export GL_ARB_shader_storage_buffer_object GL_ARB_shader_subroutine GL_ARB_shader_texture_image_samples GL_ARB_shader_texture_lod GL_ARB_shader_viewport_layer_array GL_ARB_shading_language_100 GL_ARB_shading_language_420pack GL_ARB_shading_language_packing GL_ARB_shadow GL_ARB_shadow_ambient GL_ARB_sparse_buffer GL_ARB_sparse_texture GL_ARB_spirv_extensions GL_ARB_stencil_texturing GL_ARB_sync GL_ARB_tessellation_shader GL_ARB_texture_barrier GL_ARB_texture_border_clamp GL_ARB_texture_buffer_object GL_ARB_texture_buffer_object_rgb32 GL_ARB_texture_buffer_range GL_ARB_texture_compression GL_ARB_texture_compression_bptc GL_ARB_texture_compression_rgtc GL_ARB_texture_cube_map GL_ARB_texture_cube_map_array GL_ARB_texture_env_add GL_ARB_texture_env_combine GL_ARB_texture_env_crossbar GL_ARB_texture_env_dot3 GL_ARB_texture_float GL_ARB_texture_gather GL_ARB_texture_mirror_clamp_to_edge GL_ARB_texture_mirrored_repeat GL_ARB_texture_multisample GL_ARB_texture_non_power_of_two GL_ARB_texture_query_levels GL_ARB_texture_query_lod GL_ARB_texture_rectangle GL_ARB_texture_rg GL_ARB_texture_rgb10_a2ui GL_ARB_texture_snorm GL_ARB_texture_stencil8 GL_ARB_texture_storage GL_ARB_texture_storage_multisample GL_ARB_texture_swizzle GL_ARB_texture_view GL_ARB_timer_query GL_ARB_transform_feedback2 GL_ARB_transform_feedback3 GL_ARB_transform_feedback_instanced GL_ARB_transform_feedback_overflow_query GL_ARB_transpose_matrix GL_ARB_uniform_buffer_object GL_ARB_vertex_array_bgra GL_ARB_vertex_array_object GL_ARB_vertex_attrib_64bit GL_ARB_vertex_attrib_binding GL_ARB_vertex_buffer_object GL_ARB_vertex_program GL_ARB_vertex_shader GL_ARB_vertex_type_10f_11f_11f_rev GL_ARB_vertex_type_2_10_10_10_rev GL_ARB_viewport_array GL_ARB_window_pos GL_ATI_draw_buffers GL_ATI_envmap_bumpmap GL_ATI_fragment_shader GL_ATI_separate_stencil GL_ATI_texture_compression_3dc GL_ATI_texture_env_combine3 GL_ATI_texture_float GL_ATI_texture_mirror_once GL_EXT_abgr GL_EXT_bgra GL_EXT_bindable_uniform GL_EXT_blend_color GL_EXT_blend_equation_separate GL_EXT_blend_func_separate GL_EXT_blend_minmax GL_EXT_blend_subtract GL_EXT_compiled_vertex_array GL_EXT_copy_buffer GL_EXT_copy_texture GL_EXT_depth_bounds_test GL_EXT_direct_state_access GL_EXT_draw_buffers2 GL_EXT_draw_instanced GL_EXT_draw_range_elements GL_EXT_fog_coord GL_EXT_framebuffer_blit GL_EXT_framebuffer_multisample GL_EXT_framebuffer_object GL_EXT_framebuffer_sRGB GL_EXT_geometry_shader4 GL_EXT_gpu_program_parameters GL_EXT_gpu_shader4 GL_EXT_histogram GL_EXT_memory_object GL_EXT_memory_object_win32 GL_EXT_multi_draw_arrays GL_EXT_packed_depth_stencil GL_EXT_packed_float GL_EXT_packed_pixels GL_EXT_pixel_buffer_object GL_EXT_point_parameters GL_EXT_polygon_offset_clamp GL_EXT_provoking_vertex GL_EXT_rescale_normal GL_EXT_secondary_color GL_EXT_semaphore GL_EXT_semaphore_win32 GL_EXT_separate_specular_color GL_EXT_shader_image_load_store GL_EXT_shader_integer_mix GL_EXT_shadow_funcs GL_EXT_stencil_wrap GL_EXT_subtexture GL_EXT_texgen_reflection GL_EXT_texture3D GL_EXT_texture_array GL_EXT_texture_buffer_object GL_EXT_texture_compression_bptc GL_EXT_texture_compression_latc GL_EXT_texture_compression_rgtc GL_EXT_texture_compression_s3tc GL_EXT_texture_cube_map GL_EXT_texture_edge_clamp GL_EXT_texture_env_add GL_EXT_texture_env_combine GL_EXT_texture_env_dot3 GL_EXT_texture_filter_anisotropic GL_EXT_texture_integer GL_EXT_texture_lod GL_EXT_texture_lod_bias GL_EXT_texture_mirror_clamp GL_EXT_texture_object GL_EXT_texture_rectangle GL_EXT_texture_sRGB GL_EXT_texture_sRGB_R8 GL_EXT_texture_sRGB_RG8 GL_EXT_texture_sRGB_decode GL_EXT_texture_shared_exponent GL_EXT_texture_snorm GL_EXT_texture_storage GL_EXT_texture_swizzle GL_EXT_timer_query GL_EXT_transform_feedback GL_EXT_vertex_array GL_EXT_vertex_array_bgra GL_EXT_vertex_attrib_64bit GL_IBM_texture_mirrored_repeat GL_INTEL_fragment_shader_ordering GL_KHR_context_flush_control GL_KHR_debug GL_KHR_no_error GL_KHR_parallel_shader_compile GL_KHR_robust_buffer_access_behavior GL_KHR_robustness GL_KTX_buffer_region GL_NV_alpha_to_coverage_dither_control GL_NV_blend_square GL_NV_conditional_render GL_NV_copy_depth_to_color GL_NV_copy_image GL_NV_depth_buffer_float GL_NV_explicit_multisample GL_NV_float_buffer GL_NV_half_float GL_NV_primitive_restart GL_NV_shader_atomic_int64 GL_NV_texgen_reflection GL_NV_texture_barrier GL_OES_EGL_image GL_SGIS_generate_mipmap GL_SGIS_texture_edge_clamp GL_SGIS_texture_lod GL_SUN_multi_draw_arrays GL_WIN_swap_hint WGL_EXT_swap_control
16:57:08: Supported WGL extensions: WGL_ARB_extensions_string WGL_ARB_pixel_format WGL_ATI_pixel_format_float WGL_ARB_pixel_format_float WGL_ARB_multisample WGL_EXT_swap_control WGL_EXT_swap_control_tear WGL_ARB_pbuffer WGL_ARB_render_texture WGL_ARB_make_current_read WGL_EXT_extensions_string WGL_ARB_buffer_region WGL_EXT_framebuffer_sRGB WGL_ATI_render_texture_rectangle WGL_EXT_pixel_format_packed_float WGL_I3D_genlock WGL_NV_swap_group WGL_ARB_create_context WGL_AMD_gpu_association WGL_ARB_create_context_profile WGL_ARB_context_flush_control WGL_NV_DX_interop WGL_ARB_create_context_no_error WGL_NV_DX_interop2 WGL_NV_float_buffer
16:57:08: ***************************
16:57:08: *** GL Renderer Started ***
16:57:08: ***************************
16:57:08: Registering ResourceManager for type GpuProgram
16:57:08: GLSL support detected
16:57:08: GL: Using GL_EXT_framebuffer_object for rendering to textures (best)
16:57:08: FBO PF_UNKNOWN depth/stencil support: D0S1 D0S4 D0S8 D0S16 D16S0 D24S0 D32S0 Packed-D24S8 
16:57:08: FBO PF_L8 depth/stencil support: D0S0 D0S1 D0S4 D0S8 D0S16 D16S0 D24S0 D32S0 Packed-D24S8 
16:57:08: FBO PF_L16 depth/stencil support: D0S0 D0S1 D0S4 D0S8 D0S16 D16S0 D24S0 D32S0 Packed-D24S8 
16:57:08: FBO PF_A8 depth/stencil support: D0S0 D0S1 D0S4 D0S8 D0S16 D16S0 D24S0 D32S0 Packed-D24S8 
16:57:08: FBO PF_A4L4 depth/stencil support: D0S0 D0S1 D0S4 D0S8 D0S16 D16S0 D24S0 D32S0 Packed-D24S8 
16:57:08: FBO PF_BYTE_LA depth/stencil support: D0S0 D0S1 D0S4 D0S8 D0S16 D16S0 D24S0 D32S0 Packed-D24S8 
16:57:08: FBO PF_R5G6B5 depth/stencil support: D0S0 D0S1 D0S4 D0S8 D0S16 D16S0 D24S0 D32S0 Packed-D24S8 
16:57:08: FBO PF_B5G6R5 depth/stencil support: D0S0 D0S1 D0S4 D0S8 D0S16 D16S0 D24S0 D32S0 Packed-D24S8 
16:57:08: FBO PF_A4R4G4B4 depth/stencil support: D0S0 D0S1 D0S4 D0S8 D0S16 D16S0 D24S0 D32S0 Packed-D24S8 
16:57:08: FBO PF_A1R5G5B5 depth/stencil support: D0S0 D0S1 D0S4 D0S8 D0S16 D16S0 D24S0 D32S0 Packed-D24S8 
16:57:08: FBO PF_R8G8B8 depth/stencil support: D0S0 D0S1 D0S4 D0S8 D0S16 D16S0 D24S0 D32S0 Packed-D24S8 
16:57:08: FBO PF_B8G8R8 depth/stencil support: D0S0 D0S1 D0S4 D0S8 D0S16 D16S0 D24S0 D32S0 Packed-D24S8 
16:57:08: FBO PF_A8R8G8B8 depth/stencil support: D0S0 D0S1 D0S4 D0S8 D0S16 D16S0 D24S0 D32S0 Packed-D24S8 
16:57:08: FBO PF_B8G8R8A8 depth/stencil support: D0S0 D0S1 D0S4 D0S8 D0S16 D16S0 D24S0 D32S0 Packed-D24S8 
16:57:08: FBO PF_A2R10G10B10 depth/stencil support: D0S0 D0S1 D0S4 D0S8 D0S16 D16S0 D24S0 D32S0 Packed-D24S8 
16:57:08: FBO PF_A2B10G10R10 depth/stencil support: D0S0 D0S1 D0S4 D0S8 D0S16 D16S0 D24S0 D32S0 Packed-D24S8 
16:57:08: FBO PF_FLOAT16_RGB depth/stencil support: D0S0 D0S1 D0S4 D0S8 D0S16 D16S0 D24S0 D32S0 Packed-D24S8 
16:57:08: FBO PF_FLOAT16_RGBA depth/stencil support: D0S0 D0S1 D0S4 D0S8 D0S16 D16S0 D24S0 D32S0 Packed-D24S8 
16:57:08: FBO PF_FLOAT32_RGB depth/stencil support: D0S0 D0S1 D0S4 D0S8 D0S16 D16S0 D24S0 D32S0 Packed-D24S8 
16:57:08: FBO PF_FLOAT32_RGBA depth/stencil support: D0S0 D0S1 D0S4 D0S8 D0S16 D16S0 D24S0 D32S0 Packed-D24S8 
16:57:08: FBO PF_X8R8G8B8 depth/stencil support: D0S0 D0S1 D0S4 D0S8 D0S16 D16S0 D24S0 D32S0 Packed-D24S8 
16:57:08: FBO PF_X8B8G8R8 depth/stencil support: D0S0 D0S1 D0S4 D0S8 D0S16 D16S0 D24S0 D32S0 Packed-D24S8 
16:57:08: FBO PF_SHORT_RGBA depth/stencil support: D0S0 D0S1 D0S4 D0S8 D0S16 D16S0 D24S0 D32S0 Packed-D24S8 
16:57:08: FBO PF_R3G3B2 depth/stencil support: D0S0 D0S1 D0S4 D0S8 D0S16 D16S0 D24S0 D32S0 Packed-D24S8 
16:57:09: FBO PF_FLOAT16_R depth/stencil support: D0S0 D0S1 D0S4 D0S8 D0S16 D16S0 D24S0 D32S0 Packed-D24S8 
16:57:09: FBO PF_FLOAT32_R depth/stencil support: D0S0 D0S1 D0S4 D0S8 D0S16 D16S0 D24S0 D32S0 Packed-D24S8 
16:57:09: FBO PF_SHORT_GR depth/stencil support: D0S0 D0S1 D0S4 D0S8 D0S16 D16S0 D24S0 D32S0 Packed-D24S8 
16:57:09: FBO PF_FLOAT16_GR depth/stencil support: D0S0 D0S1 D0S4 D0S8 D0S16 D16S0 D24S0 D32S0 Packed-D24S8 
16:57:09: FBO PF_FLOAT32_GR depth/stencil support: D0S0 D0S1 D0S4 D0S8 D0S16 D16S0 D24S0 D32S0 Packed-D24S8 
16:57:09: FBO PF_SHORT_RGB depth/stencil support: D0S0 D0S1 D0S4 D0S8 D0S16 D16S0 D24S0 D32S0 Packed-D24S8 
16:57:09: [GL] : Valid FBO targets PF_UNKNOWN PF_L8 PF_L16 PF_A8 PF_A4L4 PF_BYTE_LA PF_R5G6B5 PF_B5G6R5 PF_A4R4G4B4 PF_A1R5G5B5 PF_R8G8B8 PF_B8G8R8 PF_A8R8G8B8 PF_B8G8R8A8 PF_A2R10G10B10 PF_A2B10G10R10 PF_FLOAT16_RGB PF_FLOAT16_RGBA PF_FLOAT32_RGB PF_FLOAT32_RGBA PF_X8R8G8B8 PF_X8B8G8R8 PF_SHORT_RGBA PF_R3G3B2 PF_FLOAT16_R PF_FLOAT32_R PF_SHORT_GR PF_FLOAT16_GR PF_FLOAT32_GR PF_SHORT_RGB 
16:57:09: RenderSystem capabilities
16:57:09: -------------------------
16:57:09: RenderSystem Name: OpenGL Rendering Subsystem
16:57:09: GPU Vendor: ati
16:57:09: Device Name: AMD Radeon(TM) Vega 8 Graphics 
16:57:09: Driver Version: 4.6.13596.0
16:57:09:  * Fixed function pipeline: yes
16:57:09:  * Hardware generation of mipmaps: yes
16:57:09:  * Texture blending: yes
16:57:09:  * Anisotropic texture filtering: yes
16:57:09:  * Dot product texture operation: yes
16:57:09:  * Cube mapping: yes
16:57:09:  * Hardware stencil buffer: yes
16:57:09:    - Stencil depth: 8
16:57:09:    - Two sided stencil support: yes
16:57:09:    - Wrap stencil values: yes
16:57:09:  * Hardware vertex / index buffers: yes
16:57:09:  * Vertex programs: yes
16:57:09:  * Number of floating-point constants for vertex programs: 256
16:57:09:  * Number of integer constants for vertex programs: 0
16:57:09:  * Number of boolean constants for vertex programs: 0
16:57:09:  * Fragment programs: yes
16:57:09:  * Number of floating-point constants for fragment programs: 256
16:57:09:  * Number of integer constants for fragment programs: 0
16:57:09:  * Number of boolean constants for fragment programs: 0
16:57:09:  * Geometry programs: yes
16:57:09:  * Number of floating-point constants for geometry programs: 16384
16:57:09:  * Number of integer constants for geometry programs: 0
16:57:09:  * Number of boolean constants for geometry programs: 0
16:57:09:  * Supported Shader Profiles: arbfp1 arbvp1 glsl gp4gp gpu_gp nvgp4 ps_1_1 ps_1_2 ps_1_3 ps_1_4
16:57:09:  * Texture Compression: yes
16:57:09:    - DXT: yes
16:57:09:    - VTC: no
16:57:09:    - PVRTC: no
16:57:09:  * Scissor Rectangle: yes
16:57:09:  * Hardware Occlusion Query: yes
16:57:09:  * User clip planes: yes
16:57:09:  * VET_UBYTE4 vertex element type: yes
16:57:09:  * Infinite far plane projection: yes
16:57:09:  * Hardware render-to-texture: yes
16:57:09:  * Floating point textures: yes
16:57:09:  * Non-power-of-two textures: yes
16:57:09:  * Volume textures: yes
16:57:09:  * Multiple Render Targets: 8
16:57:09:    - With different bit depths: yes
16:57:09:  * Point Sprites: yes
16:57:09:  * Extended point parameters: yes
16:57:09:  * Max Point Size: 8192
16:57:09:  * Vertex texture fetch: yes
16:57:09:  * Number of world matrices: 0
16:57:09:  * Number of texture units: 32
16:57:09:  * Stencil buffer depth: 8
16:57:09:  * Number of vertex blend matrices: 0
16:57:09:    - Max vertex textures: 32
16:57:09:    - Vertex textures shared: yes
16:57:09:  * Render to Vertex Buffer : no
16:57:09:  * GL 1.5 without VBO workaround: no
16:57:09:  * Frame Buffer objects: yes
16:57:09:  * Frame Buffer objects (ARB extension): no
16:57:09:  * Frame Buffer objects (ATI extension): no
16:57:09:  * PBuffer support: yes
16:57:09:  * GL 1.5 without HW-occlusion workaround: no
16:57:09:  * Separate shader objects: no
16:57:09: DefaultWorkQueue('Root') initialising on thread 2060.
16:57:09: DefaultWorkQueue('Root')::WorkerFunc - thread 4640 starting.
16:57:09: DefaultWorkQueue('Root')::WorkerFunc - thread 15a0 starting.
16:57:09: DefaultWorkQueue('Root')::WorkerFunc - thread 900 starting.
16:57:09: DefaultWorkQueue('Root')::WorkerFunc - thread f2c starting.
16:57:09: DefaultWorkQueue('Root')::WorkerFunc - thread 2078 starting.
16:57:09: DefaultWorkQueue('Root')::WorkerFunc - thread 834 starting.
16:57:09: DefaultWorkQueue('Root')::WorkerFunc - thread 14e8 starting.
16:57:09: DefaultWorkQueue('Root')::WorkerFunc - thread 2ef4 starting.
16:57:09: Particle Renderer Type 'billboard' registered
16:57:09: Added resource location '../media' of type 'FileSystem' to resource group 'General'
16:57:09: Creating resource group Popular
16:57:09: Added resource location '../media/materials/scripts' of type 'FileSystem' to resource group 'Popular'
16:57:09: Added resource location '../media/materials/textures' of type 'FileSystem' to resource group 'Popular'
16:57:09: Added resource location '../media/models' of type 'FileSystem' to resource group 'Popular'
16:57:09: Parsing scripts for resource group Autodetect
16:57:09: Finished parsing scripts for resource group Autodetect
16:57:09: Creating resources for group Autodetect
16:57:09: All done
16:57:09: Parsing scripts for resource group General
16:57:09: Finished parsing scripts for resource group General
16:57:09: Creating resources for group General
16:57:09: All done
16:57:09: Parsing scripts for resource group Internal
16:57:09: Finished parsing scripts for resource group Internal
16:57:09: Creating resources for group Internal
16:57:09: All done
16:57:09: Parsing scripts for resource group Popular
16:57:09: Parsing script Arm.material
16:57:09: Parsing script Leg.material
16:57:09: Parsing script tacArm.material
16:57:09: Parsing script tacLeg.material
16:57:09: Finished parsing scripts for resource group Popular
16:57:09: Creating resources for group Popular
16:57:09: All done
16:57:09: Mesh: Loading Arm.mesh.
16:57:09: Skeleton: Loading Arm.skeleton
16:57:09: WARNING: Arm.mesh is an older format ([MeshSerializer_v1.41]); you should upgrade it as soon as possible using the OgreMeshUpgrade tool.
16:57:09: Texture: grey_image.jpg: Loading 1 faces(PF_R8G8B8,2048x1536x1) with 11 hardware generated mipmaps from Image. Internal format is PF_X8R8G8B8,2048x1536x1.
16:57:09: Mesh: Loading tacArm.mesh.
16:57:09: Skeleton: Loading tacArm.skeleton
16:57:09: WARNING: tacArm.mesh is an older format ([MeshSerializer_v1.41]); you should upgrade it as soon as possible using the OgreMeshUpgrade tool.
16:57:09: Texture: green_image.jpg: Loading 1 faces(PF_R8G8B8,2048x1536x1) with 11 hardware generated mipmaps from Image. Internal format is PF_X8R8G8B8,2048x1536x1.
16:59:10: DefaultWorkQueue('Root') shutting down on thread 2060.
16:59:10: DefaultWorkQueue('Root')::WorkerFunc - thread 2ef4 stopped.
16:59:10: DefaultWorkQueue('Root')::WorkerFunc - thread 14e8 stopped.
16:59:10: DefaultWorkQueue('Root')::WorkerFunc - thread 834 stopped.
16:59:10: DefaultWorkQueue('Root')::WorkerFunc - thread 2078 stopped.
16:59:10: DefaultWorkQueue('Root')::WorkerFunc - thread 4640 stopped.
16:59:10: DefaultWorkQueue('Root')::WorkerFunc - thread f2c stopped.
16:59:10: DefaultWorkQueue('Root')::WorkerFunc - thread 15a0 stopped.
16:59:10: DefaultWorkQueue('Root')::WorkerFunc - thread 900 stopped.
16:59:10: *-*-* OGRE Shutdown
16:59:10: Unregistering ResourceManager for type Compositor
16:59:10: Unregistering ResourceManager for type Font
16:59:10: Unregistering ResourceManager for type Skeleton
16:59:10: Unregistering ResourceManager for type Mesh
16:59:10: Unregistering ResourceManager for type HighLevelGpuProgram
16:59:10: Uninstalling plugin: GL RenderSystem
16:59:10: Unregistering ResourceManager for type GpuProgram
16:59:10: *** Stopping Win32GL Subsystem ***
16:59:10: Unregistering ResourceManager for type Texture
16:59:10: Plugin successfully uninstalled
16:59:10: Unloading library .\RenderSystem_GL
16:59:10: Unregistering ResourceManager for type Material
